
Showing logs for build [32mcb-kubecd-bdd-gh-1594963596-mas-csmrt-1[0m stage [32mfrom-build-pack[0m and container [32mstep-credential-initializer-fz6kn[0m
{"level":"info","ts":1594963758.3880744,"logger":"fallback-logger","caller":"logging/config.go:69","msg":"Fetch GitHub commit ID from kodata failed: open /var/run/ko/refs/heads/0.8.0-ns-support: no such file or directory"}
{"level":"info","ts":1594963758.3885875,"logger":"fallback-logger","caller":"creds-init/main.go:40","msg":"Credentials initialized."}

Showing logs for build [32mcb-kubecd-bdd-gh-1594963596-mas-csmrt-1[0m stage [32mfrom-build-pack[0m and container [32mstep-working-dir-initializer-cwswh[0m
{"level":"info","ts":1594963760.888053,"logger":"fallback-logger","caller":"logging/config.go:69","msg":"Fetch GitHub commit ID from kodata failed: open /var/run/ko/HEAD: no such file or directory"}
{"level":"info","ts":1594963760.8895357,"logger":"fallback-logger","caller":"bash/main.go:64","msg":"Successfully executed command \"sh -c mkdir -p /workspace/source\"; output "}

Showing logs for build [32mcb-kubecd-bdd-gh-1594963596-mas-csmrt-1[0m stage [32mfrom-build-pack[0m and container [32mstep-place-tools[0m

Showing logs for build [32mcb-kubecd-bdd-gh-1594963596-mas-csmrt-1[0m stage [32mfrom-build-pack[0m and container [32mstep-git-source-cb-kubecd-bdd-gh-1594963596-mas-csmrt-494rz[0m
{"level":"info","ts":1594963805.065609,"logger":"fallback-logger","caller":"logging/config.go:69","msg":"Fetch GitHub commit ID from kodata failed: open /var/run/ko/refs/heads/0.8.0-ns-support: no such file or directory"}
{"level":"info","ts":1594963806.2332714,"logger":"fallback-logger","caller":"git/git.go:103","msg":"Successfully cloned https://github.com/cb-kubecd/bdd-gh-1594963596.git @ v0.0.2 in path /workspace/source"}

Showing logs for build [32mcb-kubecd-bdd-gh-1594963596-mas-csmrt-1[0m stage [32mfrom-build-pack[0m and container [32mstep-setup-builder-home[0m

Showing logs for build [32mcb-kubecd-bdd-gh-1594963596-mas-csmrt-1[0m stage [32mfrom-build-pack[0m and container [32mstep-git-merge[0m
Using SHAs from PULL_REFS=master:
WARNING: no SHAs to merge, falling back to initial cloned commit

Showing logs for build [32mcb-kubecd-bdd-gh-1594963596-mas-csmrt-1[0m stage [32mfrom-build-pack[0m and container [32mstep-setup-jx-git-credentials[0m
Generated Git credentials file /workspace/xdg_config/git/credentials

Showing logs for build [32mcb-kubecd-bdd-gh-1594963596-mas-csmrt-1[0m stage [32mfrom-build-pack[0m and container [32mstep-build-make-build[0m
CGO_ENABLED=0 GO15VENDOREXPERIMENT=1 go build -ldflags '' -o bin/bdd-gh-1594963596 main.go

Showing logs for build [32mcb-kubecd-bdd-gh-1594963596-mas-csmrt-1[0m stage [32mfrom-build-pack[0m and container [32mstep-build-container-build[0m
ERROR: logging before flag.Parse: E0717 05:30:15.038831       9 metadata.go:241] Failed to unmarshal scopes: json: cannot unmarshal string into Go value of type []string
[36mINFO[0m[0000] Resolved base name scratch to scratch        
[36mINFO[0m[0000] Using dockerignore file: /workspace/source/.dockerignore 
[36mINFO[0m[0000] Resolved base name scratch to scratch        
[36mINFO[0m[0000] Built cross stage deps: map[]                
[36mINFO[0m[0000] No base image, nothing to extract            
[36mINFO[0m[0000] cmd: EXPOSE                                  
[36mINFO[0m[0000] Adding exposed port: 8080/tcp                
[36mINFO[0m[0000] Checking for cached layer gcr.io/jenkins-x-labs-bdd/cache:64718abf216d20bc0dc8bc86500a20cd7255e371147a66abc50307897cda294c... 
[36mINFO[0m[0000] No cached layer found for cmd COPY ./bin/ /  
[36mINFO[0m[0000] Unpacking rootfs as cmd COPY ./bin/ / requires it. 
[36mINFO[0m[0000] Taking snapshot of full filesystem...        
[36mINFO[0m[0000] Resolving paths                              
[36mINFO[0m[0000] EXPOSE 8080                                  
[36mINFO[0m[0000] cmd: EXPOSE                                  
[36mINFO[0m[0000] Adding exposed port: 8080/tcp                
[36mINFO[0m[0000] No files changed in this command, skipping snapshotting. 
[36mINFO[0m[0000] ENTRYPOINT ["/bdd-gh-1594963596"]            
[36mINFO[0m[0000] No files changed in this command, skipping snapshotting. 
[36mINFO[0m[0000] COPY ./bin/ /                                
[36mINFO[0m[0000] Resolving paths                              
[36mINFO[0m[0000] Taking snapshot of files...                  
[36mINFO[0m[0001] Pushing layer gcr.io/jenkins-x-labs-bdd/cache:64718abf216d20bc0dc8bc86500a20cd7255e371147a66abc50307897cda294c to cache now 

Showing logs for build [32mcb-kubecd-bdd-gh-1594963596-mas-csmrt-1[0m stage [32mfrom-build-pack[0m and container [32mstep-promote-changelog[0m
Converted /workspace/source/charts/bdd-gh-1594963596 to an unshallow repository
Generating change log from git ref 1e56dde0424f43779d8692ccab891d44ad90d852 => 5fbe2e6169306fd62bdb844b2cf0e9ec5d4cc1de
Associating user x-0 in users.jenkins.io with email jenkins-x@googlegroups.com to git GitProvider user with login -0 as emails match
Adding label jenkins.io/git-github-userid=-0 to user x-0 in users.jenkins.io
WARNING: Failed to enrich commit 6777f0f37a685c26a0d0bd97f87b54655cadc71d with issues: User.jenkins.io "x-0" is invalid: metadata.labels: Invalid value: "-0": a valid label must be an empty string or consist of alphanumeric characters, '-', '_' or '.', and must start and end with an alphanumeric character (e.g. 'MyValue',  or 'my_value',  or '12345', regex used for validation is '(([A-Za-z0-9][-A-Za-z0-9_.]*)?[A-Za-z0-9])?')
Finding issues in commit messages using git format
WARNING: No release found for cb-kubecd/bdd-gh-1594963596 and tag v0.0.2 so creating a new release
Updated the release information at https://github.com/cb-kubecd/bdd-gh-1594963596/releases/tag/v0.0.2
generated: /workspace/source/charts/bdd-gh-1594963596/templates/release.yaml
Created Release bdd-gh-1594963596-0-0-2 resource in namespace **
Updating PipelineActivity cb-kubecd-bdd-gh-1594963596-master-1 with version 0.0.2
Updated PipelineActivities cb-kubecd-bdd-gh-1594963596-master-1 with release notes URL: https://github.com/cb-kubecd/bdd-gh-1594963596/releases/tag/v0.0.2

Showing logs for build [32mcb-kubecd-bdd-gh-1594963596-mas-csmrt-1[0m stage [32mfrom-build-pack[0m and container [32mstep-promote-helm-release[0m
WARNING: No $CHART_REPOSITORY defined so using the default value of: http://jenkins-x-chartmuseum:8080
Adding missing Helm repo: storage.googleapis.com https://storage.googleapis.com/chartmuseum.jenkins-x.io
Successfully added Helm repository storage.googleapis.com.
Adding missing Helm repo: jenkins-x-chartmuseum http://jenkins-x-chartmuseum:8080
Successfully added Helm repository jenkins-x-chartmuseum.
WARNING: No $CHART_REPOSITORY defined so using the default value of: http://jenkins-x-chartmuseum:8080
Uploading chart file bdd-gh-1594963596-0.0.2.tgz to http://jenkins-x-chartmuseum:8080/api/charts
Received 201 response: {"saved":true}

Showing logs for build [32mcb-kubecd-bdd-gh-1594963596-mas-csmrt-1[0m stage [32mfrom-build-pack[0m and container [32mstep-promote-jx-promote[0m
defaulting to the version 0.0.2 from $VERSION
loading version stream URL https://github.com/jenkins-x/**r-versions.git ref 8e94a120756e12822032440f25f2ac09128eb4d4
checking out ref 8e94a120756e12822032440f25f2ac09128eb4d4
running command: git config --global credential.helper store
WARNING: prow based install so skip waiting for the merge of Pull Requests to go green as currently there is an issue with gettingstatuses from the PR, see https://github.com/jenkins-x/**/issues/2410
Promoting app bdd-gh-1594963596 version 0.0.2 to namespace **-staging
running command: git clone https://github.com/cb-kubecd/env-pr-977-18-bdd-gke-dev.git **-promote-499168028
Cloning into '**-promote-499168028'...
cloned https://github.com/cb-kubecd/env-pr-977-18-bdd-gke-dev.git to /tmp/**-promote-499168028
created Pull Request https://github.com/cb-kubecd/env-pr-977-18-bdd-gke-dev/pull/2 from dir /tmp/**-promote-499168028
WARNING: Failed to query the Pull Request last commit status for https://github.com/cb-kubecd/env-pr-977-18-bdd-gke-dev/pull/2.diff ref 7c94019564ee7cea3e3137681efc31f939f72acf no commit statuses returned for repository cb-kubecd/env-pr-977-18-bdd-gke-dev for PR last commit status of 7c94019564ee7cea3e3137681efc31f939f72acf
The build for the Pull Request last commit is currently in progress.
The build for the Pull Request last commit is currently in progress.
The build for the Pull Request last commit is currently in progress.
The build for the Pull Request last commit is currently in progress.
Rebasing PullRequest due to conflict
running command: git clone https://github.com/cb-kubecd/env-pr-977-18-bdd-gke-dev.git **-promote-724834478
Cloning into '**-promote-724834478'...
cloned https://github.com/cb-kubecd/env-pr-977-18-bdd-gke-dev.git to /tmp/**-promote-724834478
The build for the Pull Request last commit is currently in progress.
The build for the Pull Request last commit is currently in progress.
The build for the Pull Request last commit is currently in progress.
The build for the Pull Request last commit is currently in progress.
Pull Request https://github.com/cb-kubecd/env-pr-977-18-bdd-gke-dev/pull/2.diff is merged at sha d2a51f6ef9e96147bcdf7b120df995817e32d614
Pull Request merged but we are not waiting for the update pipeline to complete!
